<?xml version="1.0" encoding="UTF-8"?>
<testsuite name="wallet.TestRunner" tests="0" skipped="0" failures="0" errors="0" timestamp="1970-01-01T00:00:00" hostname="LAPTOP-DRES84GL" time="0.0">
  <properties/>
  <system-out><![CDATA[
2 Scenarios (?[32m2 passed?[0m)
8 Steps (?[32m8 passed?[0m)
0m0,094s


]]></system-out>
  <system-err><![CDATA[cze 01, 2022 10:33:56 PM io.cucumber.junit.Cucumber <init>
WARNING: By default Cucumber is running in --non-strict mode.
This default will change to --strict and --non-strict will be removed.
You can use --strict or @CucumberOptions(strict = true) to suppress this warning
]]></system-err>
</testsuite>
