<?xml version="1.0" encoding="UTF-8"?>
<testsuite name="com.kodilla.spring.basic.dependency_injection.homework.ShippingCenterTestSuite" tests="3" skipped="0" failures="0" errors="0" timestamp="2022-05-29T16:35:01" hostname="LAPTOP-DRES84GL" time="0.265">
  <properties/>
  <testcase name="shouldReturnTrueIfPackageWeightSmallerThan30()" classname="com.kodilla.spring.basic.dependency_injection.homework.ShippingCenterTestSuite" time="0.095"/>
  <testcase name="shouldReturnNotNullValue()" classname="com.kodilla.spring.basic.dependency_injection.homework.ShippingCenterTestSuite" time="0.086"/>
  <testcase name="shouldReturnFalseIfPackageWeightGreaterThan30()" classname="com.kodilla.spring.basic.dependency_injection.homework.ShippingCenterTestSuite" time="0.082"/>
  <system-out><![CDATA[2022-05-29 18:35:01.856  INFO 18828 --- [    Test worker] .b.t.c.SpringBootTestContextBootstrapper : Neither @ContextConfiguration nor @ContextHierarchy found for test class [com.kodilla.spring.basic.dependency_injection.homework.ShippingCenterTestSuite], using SpringBootContextLoader
2022-05-29 18:35:01.856  INFO 18828 --- [    Test worker] o.s.t.c.support.AbstractContextLoader    : Could not detect default resource locations for test class [com.kodilla.spring.basic.dependency_injection.homework.ShippingCenterTestSuite]: no resource found for suffixes {-context.xml, Context.groovy}.
2022-05-29 18:35:01.856  INFO 18828 --- [    Test worker] t.c.s.AnnotationConfigContextLoaderUtils : Could not detect default configuration classes for test class [com.kodilla.spring.basic.dependency_injection.homework.ShippingCenterTestSuite]: ShippingCenterTestSuite does not declare any static, non-private, non-final, nested classes annotated with @Configuration.
2022-05-29 18:35:01.856  INFO 18828 --- [    Test worker] .b.t.c.SpringBootTestContextBootstrapper : Found @SpringBootConfiguration com.kodilla.spring.basic.SpringBasicRunner for test class com.kodilla.spring.basic.dependency_injection.homework.ShippingCenterTestSuite
2022-05-29 18:35:01.856  INFO 18828 --- [    Test worker] .b.t.c.SpringBootTestContextBootstrapper : Loaded default TestExecutionListener class names from location [META-INF/spring.factories]: [org.springframework.boot.test.autoconfigure.restdocs.RestDocsTestExecutionListener, org.springframework.boot.test.autoconfigure.web.client.MockRestServiceServerResetTestExecutionListener, org.springframework.boot.test.autoconfigure.web.servlet.MockMvcPrintOnlyOnFailureTestExecutionListener, org.springframework.boot.test.autoconfigure.web.servlet.WebDriverTestExecutionListener, org.springframework.boot.test.autoconfigure.webservices.client.MockWebServiceServerTestExecutionListener, org.springframework.boot.test.mock.mockito.MockitoTestExecutionListener, org.springframework.boot.test.mock.mockito.ResetMocksTestExecutionListener, org.springframework.test.context.web.ServletTestExecutionListener, org.springframework.test.context.support.DirtiesContextBeforeModesTestExecutionListener, org.springframework.test.context.event.ApplicationEventsTestExecutionListener, org.springframework.test.context.support.DependencyInjectionTestExecutionListener, org.springframework.test.context.support.DirtiesContextTestExecutionListener, org.springframework.test.context.transaction.TransactionalTestExecutionListener, org.springframework.test.context.jdbc.SqlScriptsTestExecutionListener, org.springframework.test.context.event.EventPublishingTestExecutionListener]
2022-05-29 18:35:01.856  INFO 18828 --- [    Test worker] .b.t.c.SpringBootTestContextBootstrapper : Using TestExecutionListeners: [org.springframework.test.context.support.DirtiesContextBeforeModesTestExecutionListener@aceecdb, org.springframework.test.context.event.ApplicationEventsTestExecutionListener@60b1a630, org.springframework.boot.test.mock.mockito.MockitoTestExecutionListener@25f9edfb, org.springframework.boot.test.autoconfigure.SpringBootDependencyInjectionTestExecutionListener@2592224a, org.springframework.test.context.support.DirtiesContextTestExecutionListener@58c7ba17, org.springframework.test.context.event.EventPublishingTestExecutionListener@35aa0719, org.springframework.boot.test.autoconfigure.restdocs.RestDocsTestExecutionListener@5fd6a262, org.springframework.boot.test.autoconfigure.web.client.MockRestServiceServerResetTestExecutionListener@6be24ba0, org.springframework.boot.test.autoconfigure.web.servlet.MockMvcPrintOnlyOnFailureTestExecutionListener@e1053c9, org.springframework.boot.test.autoconfigure.web.servlet.WebDriverTestExecutionListener@6be71fdd, org.springframework.boot.test.autoconfigure.webservices.client.MockWebServiceServerTestExecutionListener@1487571, org.springframework.boot.test.mock.mockito.ResetMocksTestExecutionListener@788e91b3]
It's WINTER get SUV
Headlights all day long: true
It's WINTER get SUV
Headlights all day long: true
It's AUTUMNget Sedan
Hour: 10
Headlights depending on hour: false
]]></system-out>
  <system-err><![CDATA[]]></system-err>
</testsuite>
