<?xml version="1.0" encoding="UTF-8"?>
<testsuite name="com.kodilla.spring.basic.spring_scopes.TaskTestSuite" tests="1" skipped="0" failures="0" errors="0" timestamp="2022-05-29T16:35:02" hostname="LAPTOP-DRES84GL" time="0.063">
  <properties/>
  <testcase name="shouldCreateDifferentTasks()" classname="com.kodilla.spring.basic.spring_scopes.TaskTestSuite" time="0.063"/>
  <system-out><![CDATA[2022-05-29 18:35:02.581  INFO 18828 --- [    Test worker] .b.t.c.SpringBootTestContextBootstrapper : Neither @ContextConfiguration nor @ContextHierarchy found for test class [com.kodilla.spring.basic.spring_scopes.TaskTestSuite], using SpringBootContextLoader
2022-05-29 18:35:02.581  INFO 18828 --- [    Test worker] o.s.t.c.support.AbstractContextLoader    : Could not detect default resource locations for test class [com.kodilla.spring.basic.spring_scopes.TaskTestSuite]: no resource found for suffixes {-context.xml, Context.groovy}.
2022-05-29 18:35:02.581  INFO 18828 --- [    Test worker] t.c.s.AnnotationConfigContextLoaderUtils : Could not detect default configuration classes for test class [com.kodilla.spring.basic.spring_scopes.TaskTestSuite]: TaskTestSuite does not declare any static, non-private, non-final, nested classes annotated with @Configuration.
2022-05-29 18:35:02.596  INFO 18828 --- [    Test worker] .b.t.c.SpringBootTestContextBootstrapper : Found @SpringBootConfiguration com.kodilla.spring.basic.SpringBasicRunner for test class com.kodilla.spring.basic.spring_scopes.TaskTestSuite
2022-05-29 18:35:02.596  INFO 18828 --- [    Test worker] .b.t.c.SpringBootTestContextBootstrapper : Loaded default TestExecutionListener class names from location [META-INF/spring.factories]: [org.springframework.boot.test.autoconfigure.restdocs.RestDocsTestExecutionListener, org.springframework.boot.test.autoconfigure.web.client.MockRestServiceServerResetTestExecutionListener, org.springframework.boot.test.autoconfigure.web.servlet.MockMvcPrintOnlyOnFailureTestExecutionListener, org.springframework.boot.test.autoconfigure.web.servlet.WebDriverTestExecutionListener, org.springframework.boot.test.autoconfigure.webservices.client.MockWebServiceServerTestExecutionListener, org.springframework.boot.test.mock.mockito.MockitoTestExecutionListener, org.springframework.boot.test.mock.mockito.ResetMocksTestExecutionListener, org.springframework.test.context.web.ServletTestExecutionListener, org.springframework.test.context.support.DirtiesContextBeforeModesTestExecutionListener, org.springframework.test.context.event.ApplicationEventsTestExecutionListener, org.springframework.test.context.support.DependencyInjectionTestExecutionListener, org.springframework.test.context.support.DirtiesContextTestExecutionListener, org.springframework.test.context.transaction.TransactionalTestExecutionListener, org.springframework.test.context.jdbc.SqlScriptsTestExecutionListener, org.springframework.test.context.event.EventPublishingTestExecutionListener]
2022-05-29 18:35:02.596  INFO 18828 --- [    Test worker] .b.t.c.SpringBootTestContextBootstrapper : Using TestExecutionListeners: [org.springframework.test.context.support.DirtiesContextBeforeModesTestExecutionListener@4a043d15, org.springframework.test.context.event.ApplicationEventsTestExecutionListener@33c4b721, org.springframework.boot.test.mock.mockito.MockitoTestExecutionListener@22cdafc1, org.springframework.boot.test.autoconfigure.SpringBootDependencyInjectionTestExecutionListener@5c2ea73c, org.springframework.test.context.support.DirtiesContextTestExecutionListener@37a9d539, org.springframework.test.context.event.EventPublishingTestExecutionListener@21421152, org.springframework.boot.test.autoconfigure.restdocs.RestDocsTestExecutionListener@6e3e111c, org.springframework.boot.test.autoconfigure.web.client.MockRestServiceServerResetTestExecutionListener@47004ca0, org.springframework.boot.test.autoconfigure.web.servlet.MockMvcPrintOnlyOnFailureTestExecutionListener@3e795964, org.springframework.boot.test.autoconfigure.web.servlet.WebDriverTestExecutionListener@f001778, org.springframework.boot.test.autoconfigure.webservices.client.MockWebServiceServerTestExecutionListener@11284175, org.springframework.boot.test.mock.mockito.ResetMocksTestExecutionListener@54086abc]
It's SPRING get Sedan
Hour: 7
Headlights depending on hour: false
Creating new task bean...
Creating new task bean...
Creating new task bean...
]]></system-out>
  <system-err><![CDATA[]]></system-err>
</testsuite>
