<?xml version="1.0" encoding="UTF-8"?>
<testsuite name="com.kodilla.spring.basic.dependency_injection.homework.ShippingCenterTestSuite" tests="3" skipped="0" failures="0" errors="0" timestamp="2022-05-25T22:01:10" hostname="LAPTOP-DRES84GL" time="0.744">
  <properties/>
  <testcase name="shouldReturnTrueIfPackageWeightSmallerThan30()" classname="com.kodilla.spring.basic.dependency_injection.homework.ShippingCenterTestSuite" time="0.499"/>
  <testcase name="shouldReturnNotNullValue()" classname="com.kodilla.spring.basic.dependency_injection.homework.ShippingCenterTestSuite" time="0.121"/>
  <testcase name="shouldReturnFalseIfPackageWeightGreaterThan30()" classname="com.kodilla.spring.basic.dependency_injection.homework.ShippingCenterTestSuite" time="0.122"/>
  <system-out><![CDATA[00:01:09.724 [Test worker] DEBUG org.springframework.test.context.BootstrapUtils - Instantiating CacheAwareContextLoaderDelegate from class [org.springframework.test.context.cache.DefaultCacheAwareContextLoaderDelegate]
00:01:09.740 [Test worker] DEBUG org.springframework.test.context.BootstrapUtils - Instantiating BootstrapContext using constructor [public org.springframework.test.context.support.DefaultBootstrapContext(java.lang.Class,org.springframework.test.context.CacheAwareContextLoaderDelegate)]
00:01:09.771 [Test worker] DEBUG org.springframework.test.context.BootstrapUtils - Instantiating TestContextBootstrapper for test class [com.kodilla.spring.basic.dependency_injection.homework.ShippingCenterTestSuite] from class [org.springframework.boot.test.context.SpringBootTestContextBootstrapper]
00:01:09.787 [Test worker] INFO org.springframework.boot.test.context.SpringBootTestContextBootstrapper - Neither @ContextConfiguration nor @ContextHierarchy found for test class [com.kodilla.spring.basic.dependency_injection.homework.ShippingCenterTestSuite], using SpringBootContextLoader
00:01:09.787 [Test worker] DEBUG org.springframework.test.context.support.AbstractContextLoader - Did not detect default resource location for test class [com.kodilla.spring.basic.dependency_injection.homework.ShippingCenterTestSuite]: class path resource [com/kodilla/spring/basic/dependency_injection/homework/ShippingCenterTestSuite-context.xml] does not exist
00:01:09.787 [Test worker] DEBUG org.springframework.test.context.support.AbstractContextLoader - Did not detect default resource location for test class [com.kodilla.spring.basic.dependency_injection.homework.ShippingCenterTestSuite]: class path resource [com/kodilla/spring/basic/dependency_injection/homework/ShippingCenterTestSuiteContext.groovy] does not exist
00:01:09.787 [Test worker] INFO org.springframework.test.context.support.AbstractContextLoader - Could not detect default resource locations for test class [com.kodilla.spring.basic.dependency_injection.homework.ShippingCenterTestSuite]: no resource found for suffixes {-context.xml, Context.groovy}.
00:01:09.787 [Test worker] INFO org.springframework.test.context.support.AnnotationConfigContextLoaderUtils - Could not detect default configuration classes for test class [com.kodilla.spring.basic.dependency_injection.homework.ShippingCenterTestSuite]: ShippingCenterTestSuite does not declare any static, non-private, non-final, nested classes annotated with @Configuration.
00:01:09.849 [Test worker] DEBUG org.springframework.test.context.support.ActiveProfilesUtils - Could not find an 'annotation declaring class' for annotation type [org.springframework.test.context.ActiveProfiles] and class [com.kodilla.spring.basic.dependency_injection.homework.ShippingCenterTestSuite]
00:01:09.927 [Test worker] DEBUG org.springframework.context.annotation.ClassPathScanningCandidateComponentProvider - Identified candidate component class: file [C:\Users\stars\IdeaProjects\nowa kodilla\kodilla-spring-basic\build\classes\java\main\com\kodilla\spring\basic\SpringBasicRunner.class]
00:01:09.927 [Test worker] INFO org.springframework.boot.test.context.SpringBootTestContextBootstrapper - Found @SpringBootConfiguration com.kodilla.spring.basic.SpringBasicRunner for test class com.kodilla.spring.basic.dependency_injection.homework.ShippingCenterTestSuite
00:01:10.021 [Test worker] DEBUG org.springframework.boot.test.context.SpringBootTestContextBootstrapper - @TestExecutionListeners is not present for class [com.kodilla.spring.basic.dependency_injection.homework.ShippingCenterTestSuite]: using defaults.
00:01:10.021 [Test worker] INFO org.springframework.boot.test.context.SpringBootTestContextBootstrapper - Loaded default TestExecutionListener class names from location [META-INF/spring.factories]: [org.springframework.boot.test.autoconfigure.restdocs.RestDocsTestExecutionListener, org.springframework.boot.test.autoconfigure.web.client.MockRestServiceServerResetTestExecutionListener, org.springframework.boot.test.autoconfigure.web.servlet.MockMvcPrintOnlyOnFailureTestExecutionListener, org.springframework.boot.test.autoconfigure.web.servlet.WebDriverTestExecutionListener, org.springframework.boot.test.autoconfigure.webservices.client.MockWebServiceServerTestExecutionListener, org.springframework.boot.test.mock.mockito.MockitoTestExecutionListener, org.springframework.boot.test.mock.mockito.ResetMocksTestExecutionListener, org.springframework.test.context.web.ServletTestExecutionListener, org.springframework.test.context.support.DirtiesContextBeforeModesTestExecutionListener, org.springframework.test.context.event.ApplicationEventsTestExecutionListener, org.springframework.test.context.support.DependencyInjectionTestExecutionListener, org.springframework.test.context.support.DirtiesContextTestExecutionListener, org.springframework.test.context.transaction.TransactionalTestExecutionListener, org.springframework.test.context.jdbc.SqlScriptsTestExecutionListener, org.springframework.test.context.event.EventPublishingTestExecutionListener]
00:01:10.021 [Test worker] DEBUG org.springframework.boot.test.context.SpringBootTestContextBootstrapper - Skipping candidate TestExecutionListener [org.springframework.test.context.web.ServletTestExecutionListener] due to a missing dependency. Specify custom listener classes or make the default listener classes and their required dependencies available. Offending class: [javax/servlet/ServletContext]
00:01:10.037 [Test worker] DEBUG org.springframework.boot.test.context.SpringBootTestContextBootstrapper - Skipping candidate TestExecutionListener [org.springframework.test.context.transaction.TransactionalTestExecutionListener] due to a missing dependency. Specify custom listener classes or make the default listener classes and their required dependencies available. Offending class: [org/springframework/transaction/TransactionDefinition]
00:01:10.037 [Test worker] DEBUG org.springframework.boot.test.context.SpringBootTestContextBootstrapper - Skipping candidate TestExecutionListener [org.springframework.test.context.jdbc.SqlScriptsTestExecutionListener] due to a missing dependency. Specify custom listener classes or make the default listener classes and their required dependencies available. Offending class: [org/springframework/transaction/interceptor/TransactionAttribute]
00:01:10.037 [Test worker] INFO org.springframework.boot.test.context.SpringBootTestContextBootstrapper - Using TestExecutionListeners: [org.springframework.test.context.support.DirtiesContextBeforeModesTestExecutionListener@6843e6a1, org.springframework.test.context.event.ApplicationEventsTestExecutionListener@77df4f81, org.springframework.boot.test.mock.mockito.MockitoTestExecutionListener@11b7e2b3, org.springframework.boot.test.autoconfigure.SpringBootDependencyInjectionTestExecutionListener@102e07a3, org.springframework.test.context.support.DirtiesContextTestExecutionListener@672f9de9, org.springframework.test.context.event.EventPublishingTestExecutionListener@6a8175ca, org.springframework.boot.test.autoconfigure.restdocs.RestDocsTestExecutionListener@448da053, org.springframework.boot.test.autoconfigure.web.client.MockRestServiceServerResetTestExecutionListener@24feb47e, org.springframework.boot.test.autoconfigure.web.servlet.MockMvcPrintOnlyOnFailureTestExecutionListener@3f25b5dd, org.springframework.boot.test.autoconfigure.web.servlet.WebDriverTestExecutionListener@5e6ba8d6, org.springframework.boot.test.autoconfigure.webservices.client.MockWebServiceServerTestExecutionListener@774d0470, org.springframework.boot.test.mock.mockito.ResetMocksTestExecutionListener@264113a3]
00:01:10.037 [Test worker] DEBUG org.springframework.test.context.support.AbstractDirtiesContextTestExecutionListener - Before test class: context [DefaultTestContext@398fe28e testClass = ShippingCenterTestSuite, testInstance = [null], testMethod = [null], testException = [null], mergedContextConfiguration = [MergedContextConfiguration@5d3629d4 testClass = ShippingCenterTestSuite, locations = '{}', classes = '{class com.kodilla.spring.basic.SpringBasicRunner}', contextInitializerClasses = '[]', activeProfiles = '{}', propertySourceLocations = '{}', propertySourceProperties = '{org.springframework.boot.test.context.SpringBootTestContextBootstrapper=true}', contextCustomizers = set[org.springframework.boot.test.autoconfigure.actuate.metrics.MetricsExportContextCustomizerFactory$DisableMetricExportContextCustomizer@473a5031, org.springframework.boot.test.autoconfigure.properties.PropertyMappingContextCustomizer@0, org.springframework.boot.test.autoconfigure.web.servlet.WebDriverContextCustomizerFactory$Customizer@69e8d139, org.springframework.boot.test.context.filter.ExcludeFilterContextCustomizer@276172de, org.springframework.boot.test.json.DuplicateJsonObjectContextCustomizerFactory$DuplicateJsonObjectContextCustomizer@2e7dcc1e, org.springframework.boot.test.mock.mockito.MockitoContextCustomizer@0, org.springframework.boot.test.web.client.TestRestTemplateContextCustomizer@34135390, org.springframework.boot.test.context.SpringBootTestArgs@1, org.springframework.boot.test.context.SpringBootTestWebEnvironment@29fb7ade], contextLoader = 'org.springframework.boot.test.context.SpringBootContextLoader', parent = [null]], attributes = map[[empty]]], class annotated with @DirtiesContext [false] with mode [null].
00:01:10.037 [Test worker] DEBUG org.springframework.test.context.support.DependencyInjectionTestExecutionListener - Performing dependency injection for test context [[DefaultTestContext@398fe28e testClass = ShippingCenterTestSuite, testInstance = com.kodilla.spring.basic.dependency_injection.homework.ShippingCenterTestSuite@b2344ea, testMethod = [null], testException = [null], mergedContextConfiguration = [MergedContextConfiguration@5d3629d4 testClass = ShippingCenterTestSuite, locations = '{}', classes = '{class com.kodilla.spring.basic.SpringBasicRunner}', contextInitializerClasses = '[]', activeProfiles = '{}', propertySourceLocations = '{}', propertySourceProperties = '{org.springframework.boot.test.context.SpringBootTestContextBootstrapper=true}', contextCustomizers = set[org.springframework.boot.test.autoconfigure.actuate.metrics.MetricsExportContextCustomizerFactory$DisableMetricExportContextCustomizer@473a5031, org.springframework.boot.test.autoconfigure.properties.PropertyMappingContextCustomizer@0, org.springframework.boot.test.autoconfigure.web.servlet.WebDriverContextCustomizerFactory$Customizer@69e8d139, org.springframework.boot.test.context.filter.ExcludeFilterContextCustomizer@276172de, org.springframework.boot.test.json.DuplicateJsonObjectContextCustomizerFactory$DuplicateJsonObjectContextCustomizer@2e7dcc1e, org.springframework.boot.test.mock.mockito.MockitoContextCustomizer@0, org.springframework.boot.test.web.client.TestRestTemplateContextCustomizer@34135390, org.springframework.boot.test.context.SpringBootTestArgs@1, org.springframework.boot.test.context.SpringBootTestWebEnvironment@29fb7ade], contextLoader = 'org.springframework.boot.test.context.SpringBootContextLoader', parent = [null]], attributes = map['org.springframework.test.context.event.ApplicationEventsTestExecutionListener.recordApplicationEvents' -> false]]].

  .   ____          _            __ _ _
 /\\ / ___'_ __ _ _(_)_ __  __ _ \ \ \ \
( ( )\___ | '_ | '_| | '_ \/ _` | \ \ \ \
 \\/  ___)| |_)| | | | | || (_| |  ) ) ) )
  '  |____| .__|_| |_|_| |_\__, | / / / /
 =========|_|==============|___/=/_/_/_/
 :: Spring Boot ::                (v2.7.0)

2022-05-26 00:01:10.318  INFO 14024 --- [    Test worker] c.k.s.b.d.h.ShippingCenterTestSuite      : Starting ShippingCenterTestSuite using Java 11.0.13 on LAPTOP-DRES84GL with PID 14024 (started by stars in C:\Users\stars\IdeaProjects\nowa kodilla\kodilla-spring-basic)
2022-05-26 00:01:10.318  INFO 14024 --- [    Test worker] c.k.s.b.d.h.ShippingCenterTestSuite      : No active profile set, falling back to 1 default profile: "default"
2022-05-26 00:01:10.943  INFO 14024 --- [    Test worker] c.k.s.b.d.h.ShippingCenterTestSuite      : Started ShippingCenterTestSuite in 0.882 seconds (JVM running for 2.389)
]]></system-out>
  <system-err><![CDATA[]]></system-err>
</testsuite>
