<?xml version="1.0" encoding="UTF-8"?>
<testsuite name="com.kodilla.spring.basic.spring_configuration.AnimalFactoryTestSuite" tests="2" skipped="0" failures="0" errors="0" timestamp="2022-05-29T16:35:02" hostname="LAPTOP-DRES84GL" time="0.185">
  <properties/>
  <testcase name="shouldCreateRandomAnimal()" classname="com.kodilla.spring.basic.spring_configuration.AnimalFactoryTestSuite" time="0.099"/>
  <testcase name="shouldCreateDogBeanAndFetchByBeanName()" classname="com.kodilla.spring.basic.spring_configuration.AnimalFactoryTestSuite" time="0.086"/>
  <system-out><![CDATA[2022-05-29 18:35:02.121  INFO 18828 --- [    Test worker] .b.t.c.SpringBootTestContextBootstrapper : Neither @ContextConfiguration nor @ContextHierarchy found for test class [com.kodilla.spring.basic.spring_configuration.AnimalFactoryTestSuite], using SpringBootContextLoader
2022-05-29 18:35:02.121  INFO 18828 --- [    Test worker] o.s.t.c.support.AbstractContextLoader    : Could not detect default resource locations for test class [com.kodilla.spring.basic.spring_configuration.AnimalFactoryTestSuite]: no resource found for suffixes {-context.xml, Context.groovy}.
2022-05-29 18:35:02.121  INFO 18828 --- [    Test worker] t.c.s.AnnotationConfigContextLoaderUtils : Could not detect default configuration classes for test class [com.kodilla.spring.basic.spring_configuration.AnimalFactoryTestSuite]: AnimalFactoryTestSuite does not declare any static, non-private, non-final, nested classes annotated with @Configuration.
2022-05-29 18:35:02.137  INFO 18828 --- [    Test worker] .b.t.c.SpringBootTestContextBootstrapper : Found @SpringBootConfiguration com.kodilla.spring.basic.SpringBasicRunner for test class com.kodilla.spring.basic.spring_configuration.AnimalFactoryTestSuite
2022-05-29 18:35:02.137  INFO 18828 --- [    Test worker] .b.t.c.SpringBootTestContextBootstrapper : Loaded default TestExecutionListener class names from location [META-INF/spring.factories]: [org.springframework.boot.test.autoconfigure.restdocs.RestDocsTestExecutionListener, org.springframework.boot.test.autoconfigure.web.client.MockRestServiceServerResetTestExecutionListener, org.springframework.boot.test.autoconfigure.web.servlet.MockMvcPrintOnlyOnFailureTestExecutionListener, org.springframework.boot.test.autoconfigure.web.servlet.WebDriverTestExecutionListener, org.springframework.boot.test.autoconfigure.webservices.client.MockWebServiceServerTestExecutionListener, org.springframework.boot.test.mock.mockito.MockitoTestExecutionListener, org.springframework.boot.test.mock.mockito.ResetMocksTestExecutionListener, org.springframework.test.context.web.ServletTestExecutionListener, org.springframework.test.context.support.DirtiesContextBeforeModesTestExecutionListener, org.springframework.test.context.event.ApplicationEventsTestExecutionListener, org.springframework.test.context.support.DependencyInjectionTestExecutionListener, org.springframework.test.context.support.DirtiesContextTestExecutionListener, org.springframework.test.context.transaction.TransactionalTestExecutionListener, org.springframework.test.context.jdbc.SqlScriptsTestExecutionListener, org.springframework.test.context.event.EventPublishingTestExecutionListener]
2022-05-29 18:35:02.137  INFO 18828 --- [    Test worker] .b.t.c.SpringBootTestContextBootstrapper : Using TestExecutionListeners: [org.springframework.test.context.support.DirtiesContextBeforeModesTestExecutionListener@4b58eef2, org.springframework.test.context.event.ApplicationEventsTestExecutionListener@33bacde3, org.springframework.boot.test.mock.mockito.MockitoTestExecutionListener@1d25bd93, org.springframework.boot.test.autoconfigure.SpringBootDependencyInjectionTestExecutionListener@7b194fd5, org.springframework.test.context.support.DirtiesContextTestExecutionListener@77ba113a, org.springframework.test.context.event.EventPublishingTestExecutionListener@120a0ffb, org.springframework.boot.test.autoconfigure.restdocs.RestDocsTestExecutionListener@2273f10c, org.springframework.boot.test.autoconfigure.web.client.MockRestServiceServerResetTestExecutionListener@13a57570, org.springframework.boot.test.autoconfigure.web.servlet.MockMvcPrintOnlyOnFailureTestExecutionListener@34b195ff, org.springframework.boot.test.autoconfigure.web.servlet.WebDriverTestExecutionListener@76062145, org.springframework.boot.test.autoconfigure.webservices.client.MockWebServiceServerTestExecutionListener@4b404518, org.springframework.boot.test.mock.mockito.ResetMocksTestExecutionListener@73f6a7f5]
It's SUMMER get Cabrio
Hour: 10
Headlights depending on hour: false
Quack quack
It's AUTUMNget Sedan
Hour: 3
Headlights depending on hour: true
]]></system-out>
  <system-err><![CDATA[]]></system-err>
</testsuite>
