<?xml version="1.0" encoding="UTF-8"?>
<testsuite name="com.kodilla.spring.basic.dependency_injection.homework.CalculatorTestSuite" tests="4" skipped="0" failures="0" errors="0" timestamp="2022-05-23T21:35:24" hostname="LAPTOP-DRES84GL" time="0.469">
  <properties/>
  <testcase name="shouldSubtractTwoNumbers()" classname="com.kodilla.spring.basic.dependency_injection.homework.CalculatorTestSuite" time="0.421"/>
  <testcase name="shouldDivideTwoNumbers()" classname="com.kodilla.spring.basic.dependency_injection.homework.CalculatorTestSuite" time="0.014"/>
  <testcase name="shouldMultiplyTwoNumbers()" classname="com.kodilla.spring.basic.dependency_injection.homework.CalculatorTestSuite" time="0.015"/>
  <testcase name="shouldAddTwoNumbers()" classname="com.kodilla.spring.basic.dependency_injection.homework.CalculatorTestSuite" time="0.016"/>
  <system-out><![CDATA[23:35:23.254 [Test worker] DEBUG org.springframework.test.context.BootstrapUtils - Instantiating CacheAwareContextLoaderDelegate from class [org.springframework.test.context.cache.DefaultCacheAwareContextLoaderDelegate]
23:35:23.269 [Test worker] DEBUG org.springframework.test.context.BootstrapUtils - Instantiating BootstrapContext using constructor [public org.springframework.test.context.support.DefaultBootstrapContext(java.lang.Class,org.springframework.test.context.CacheAwareContextLoaderDelegate)]
23:35:23.316 [Test worker] DEBUG org.springframework.test.context.BootstrapUtils - Instantiating TestContextBootstrapper for test class [com.kodilla.spring.basic.dependency_injection.homework.CalculatorTestSuite] from class [org.springframework.boot.test.context.SpringBootTestContextBootstrapper]
23:35:23.316 [Test worker] INFO org.springframework.boot.test.context.SpringBootTestContextBootstrapper - Neither @ContextConfiguration nor @ContextHierarchy found for test class [com.kodilla.spring.basic.dependency_injection.homework.CalculatorTestSuite], using SpringBootContextLoader
23:35:23.332 [Test worker] DEBUG org.springframework.test.context.support.AbstractContextLoader - Did not detect default resource location for test class [com.kodilla.spring.basic.dependency_injection.homework.CalculatorTestSuite]: class path resource [com/kodilla/spring/basic/dependency_injection/homework/CalculatorTestSuite-context.xml] does not exist
23:35:23.332 [Test worker] DEBUG org.springframework.test.context.support.AbstractContextLoader - Did not detect default resource location for test class [com.kodilla.spring.basic.dependency_injection.homework.CalculatorTestSuite]: class path resource [com/kodilla/spring/basic/dependency_injection/homework/CalculatorTestSuiteContext.groovy] does not exist
23:35:23.332 [Test worker] INFO org.springframework.test.context.support.AbstractContextLoader - Could not detect default resource locations for test class [com.kodilla.spring.basic.dependency_injection.homework.CalculatorTestSuite]: no resource found for suffixes {-context.xml, Context.groovy}.
23:35:23.332 [Test worker] INFO org.springframework.test.context.support.AnnotationConfigContextLoaderUtils - Could not detect default configuration classes for test class [com.kodilla.spring.basic.dependency_injection.homework.CalculatorTestSuite]: CalculatorTestSuite does not declare any static, non-private, non-final, nested classes annotated with @Configuration.
23:35:23.379 [Test worker] DEBUG org.springframework.test.context.support.ActiveProfilesUtils - Could not find an 'annotation declaring class' for annotation type [org.springframework.test.context.ActiveProfiles] and class [com.kodilla.spring.basic.dependency_injection.homework.CalculatorTestSuite]
23:35:23.442 [Test worker] DEBUG org.springframework.context.annotation.ClassPathScanningCandidateComponentProvider - Identified candidate component class: file [C:\Users\stars\IdeaProjects\nowa kodilla\kodilla-spring-basic\build\classes\java\main\com\kodilla\spring\basic\SpringBasicRunner.class]
23:35:23.442 [Test worker] INFO org.springframework.boot.test.context.SpringBootTestContextBootstrapper - Found @SpringBootConfiguration com.kodilla.spring.basic.SpringBasicRunner for test class com.kodilla.spring.basic.dependency_injection.homework.CalculatorTestSuite
23:35:23.551 [Test worker] DEBUG org.springframework.boot.test.context.SpringBootTestContextBootstrapper - @TestExecutionListeners is not present for class [com.kodilla.spring.basic.dependency_injection.homework.CalculatorTestSuite]: using defaults.
23:35:23.551 [Test worker] INFO org.springframework.boot.test.context.SpringBootTestContextBootstrapper - Loaded default TestExecutionListener class names from location [META-INF/spring.factories]: [org.springframework.boot.test.autoconfigure.restdocs.RestDocsTestExecutionListener, org.springframework.boot.test.autoconfigure.web.client.MockRestServiceServerResetTestExecutionListener, org.springframework.boot.test.autoconfigure.web.servlet.MockMvcPrintOnlyOnFailureTestExecutionListener, org.springframework.boot.test.autoconfigure.web.servlet.WebDriverTestExecutionListener, org.springframework.boot.test.autoconfigure.webservices.client.MockWebServiceServerTestExecutionListener, org.springframework.boot.test.mock.mockito.MockitoTestExecutionListener, org.springframework.boot.test.mock.mockito.ResetMocksTestExecutionListener, org.springframework.test.context.web.ServletTestExecutionListener, org.springframework.test.context.support.DirtiesContextBeforeModesTestExecutionListener, org.springframework.test.context.event.ApplicationEventsTestExecutionListener, org.springframework.test.context.support.DependencyInjectionTestExecutionListener, org.springframework.test.context.support.DirtiesContextTestExecutionListener, org.springframework.test.context.transaction.TransactionalTestExecutionListener, org.springframework.test.context.jdbc.SqlScriptsTestExecutionListener, org.springframework.test.context.event.EventPublishingTestExecutionListener]
23:35:23.551 [Test worker] DEBUG org.springframework.boot.test.context.SpringBootTestContextBootstrapper - Skipping candidate TestExecutionListener [org.springframework.test.context.web.ServletTestExecutionListener] due to a missing dependency. Specify custom listener classes or make the default listener classes and their required dependencies available. Offending class: [javax/servlet/ServletContext]
23:35:23.567 [Test worker] DEBUG org.springframework.boot.test.context.SpringBootTestContextBootstrapper - Skipping candidate TestExecutionListener [org.springframework.test.context.transaction.TransactionalTestExecutionListener] due to a missing dependency. Specify custom listener classes or make the default listener classes and their required dependencies available. Offending class: [org/springframework/transaction/interceptor/TransactionAttributeSource]
23:35:23.567 [Test worker] DEBUG org.springframework.boot.test.context.SpringBootTestContextBootstrapper - Skipping candidate TestExecutionListener [org.springframework.test.context.jdbc.SqlScriptsTestExecutionListener] due to a missing dependency. Specify custom listener classes or make the default listener classes and their required dependencies available. Offending class: [org/springframework/transaction/interceptor/TransactionAttribute]
23:35:23.567 [Test worker] INFO org.springframework.boot.test.context.SpringBootTestContextBootstrapper - Using TestExecutionListeners: [org.springframework.test.context.support.DirtiesContextBeforeModesTestExecutionListener@799816b7, org.springframework.test.context.event.ApplicationEventsTestExecutionListener@3c1db77, org.springframework.boot.test.mock.mockito.MockitoTestExecutionListener@42860480, org.springframework.boot.test.autoconfigure.SpringBootDependencyInjectionTestExecutionListener@62ceaf81, org.springframework.test.context.support.DirtiesContextTestExecutionListener@5b5a30c1, org.springframework.test.context.event.EventPublishingTestExecutionListener@56cd42be, org.springframework.boot.test.autoconfigure.restdocs.RestDocsTestExecutionListener@249dfee3, org.springframework.boot.test.autoconfigure.web.client.MockRestServiceServerResetTestExecutionListener@33b8ef56, org.springframework.boot.test.autoconfigure.web.servlet.MockMvcPrintOnlyOnFailureTestExecutionListener@39ee1dd8, org.springframework.boot.test.autoconfigure.web.servlet.WebDriverTestExecutionListener@58a70e9, org.springframework.boot.test.autoconfigure.webservices.client.MockWebServiceServerTestExecutionListener@4e2bec5d, org.springframework.boot.test.mock.mockito.ResetMocksTestExecutionListener@3a9d7891]
23:35:23.567 [Test worker] DEBUG org.springframework.test.context.support.AbstractDirtiesContextTestExecutionListener - Before test class: context [DefaultTestContext@347495e9 testClass = CalculatorTestSuite, testInstance = [null], testMethod = [null], testException = [null], mergedContextConfiguration = [MergedContextConfiguration@398a3919 testClass = CalculatorTestSuite, locations = '{}', classes = '{class com.kodilla.spring.basic.SpringBasicRunner}', contextInitializerClasses = '[]', activeProfiles = '{}', propertySourceLocations = '{}', propertySourceProperties = '{org.springframework.boot.test.context.SpringBootTestContextBootstrapper=true}', contextCustomizers = set[org.springframework.boot.test.autoconfigure.actuate.metrics.MetricsExportContextCustomizerFactory$DisableMetricExportContextCustomizer@1a9ddc22, org.springframework.boot.test.autoconfigure.properties.PropertyMappingContextCustomizer@0, org.springframework.boot.test.autoconfigure.web.servlet.WebDriverContextCustomizerFactory$Customizer@d75a602, org.springframework.boot.test.context.filter.ExcludeFilterContextCustomizer@37d4c432, org.springframework.boot.test.json.DuplicateJsonObjectContextCustomizerFactory$DuplicateJsonObjectContextCustomizer@3b7c4cca, org.springframework.boot.test.mock.mockito.MockitoContextCustomizer@0, org.springframework.boot.test.web.client.TestRestTemplateContextCustomizer@3692b1dd, org.springframework.boot.test.context.SpringBootTestArgs@1, org.springframework.boot.test.context.SpringBootTestWebEnvironment@36d88a45], contextLoader = 'org.springframework.boot.test.context.SpringBootContextLoader', parent = [null]], attributes = map[[empty]]], class annotated with @DirtiesContext [false] with mode [null].
23:35:23.582 [Test worker] DEBUG org.springframework.test.context.support.DependencyInjectionTestExecutionListener - Performing dependency injection for test context [[DefaultTestContext@347495e9 testClass = CalculatorTestSuite, testInstance = com.kodilla.spring.basic.dependency_injection.homework.CalculatorTestSuite@3f4f0ff2, testMethod = [null], testException = [null], mergedContextConfiguration = [MergedContextConfiguration@398a3919 testClass = CalculatorTestSuite, locations = '{}', classes = '{class com.kodilla.spring.basic.SpringBasicRunner}', contextInitializerClasses = '[]', activeProfiles = '{}', propertySourceLocations = '{}', propertySourceProperties = '{org.springframework.boot.test.context.SpringBootTestContextBootstrapper=true}', contextCustomizers = set[org.springframework.boot.test.autoconfigure.actuate.metrics.MetricsExportContextCustomizerFactory$DisableMetricExportContextCustomizer@1a9ddc22, org.springframework.boot.test.autoconfigure.properties.PropertyMappingContextCustomizer@0, org.springframework.boot.test.autoconfigure.web.servlet.WebDriverContextCustomizerFactory$Customizer@d75a602, org.springframework.boot.test.context.filter.ExcludeFilterContextCustomizer@37d4c432, org.springframework.boot.test.json.DuplicateJsonObjectContextCustomizerFactory$DuplicateJsonObjectContextCustomizer@3b7c4cca, org.springframework.boot.test.mock.mockito.MockitoContextCustomizer@0, org.springframework.boot.test.web.client.TestRestTemplateContextCustomizer@3692b1dd, org.springframework.boot.test.context.SpringBootTestArgs@1, org.springframework.boot.test.context.SpringBootTestWebEnvironment@36d88a45], contextLoader = 'org.springframework.boot.test.context.SpringBootContextLoader', parent = [null]], attributes = map['org.springframework.test.context.event.ApplicationEventsTestExecutionListener.recordApplicationEvents' -> false]]].

  .   ____          _            __ _ _
 /\\ / ___'_ __ _ _(_)_ __  __ _ \ \ \ \
( ( )\___ | '_ | '_| | '_ \/ _` | \ \ \ \
 \\/  ___)| |_)| | | | | || (_| |  ) ) ) )
  '  |____| .__|_| |_|_| |_\__, | / / / /
 =========|_|==============|___/=/_/_/_/
 :: Spring Boot ::                (v2.7.0)

2022-05-23 23:35:23.879  INFO 24044 --- [    Test worker] c.k.s.b.d.homework.CalculatorTestSuite   : Starting CalculatorTestSuite using Java 11.0.13 on LAPTOP-DRES84GL with PID 24044 (started by stars in C:\Users\stars\IdeaProjects\nowa kodilla\kodilla-spring-basic)
2022-05-23 23:35:23.879  INFO 24044 --- [    Test worker] c.k.s.b.d.homework.CalculatorTestSuite   : No active profile set, falling back to 1 default profile: "default"
2022-05-23 23:35:24.535  INFO 24044 --- [    Test worker] c.k.s.b.d.homework.CalculatorTestSuite   : Started CalculatorTestSuite in 0.928 seconds (JVM running for 2.379)
-6.0
0.25
16.0
10.0
]]></system-out>
  <system-err><![CDATA[]]></system-err>
</testsuite>
