<?xml version="1.0" encoding="UTF-8"?>
<testsuite name="com.kodilla.spring.basic.spring_dependency_injection.SimpleApplicationTestSuite" tests="2" skipped="0" failures="0" errors="0" timestamp="2022-05-29T16:35:02" hostname="LAPTOP-DRES84GL" time="0.134">
  <properties/>
  <testcase name="shouldProcessMessage()" classname="com.kodilla.spring.basic.spring_dependency_injection.SimpleApplicationTestSuite" time="0.067"/>
  <testcase name="shouldReturnCorrectMessage()" classname="com.kodilla.spring.basic.spring_dependency_injection.SimpleApplicationTestSuite" time="0.067"/>
  <system-out><![CDATA[2022-05-29 18:35:02.371  INFO 18828 --- [    Test worker] .b.t.c.SpringBootTestContextBootstrapper : Neither @ContextConfiguration nor @ContextHierarchy found for test class [com.kodilla.spring.basic.spring_dependency_injection.SimpleApplicationTestSuite], using SpringBootContextLoader
2022-05-29 18:35:02.371  INFO 18828 --- [    Test worker] o.s.t.c.support.AbstractContextLoader    : Could not detect default resource locations for test class [com.kodilla.spring.basic.spring_dependency_injection.SimpleApplicationTestSuite]: no resource found for suffixes {-context.xml, Context.groovy}.
2022-05-29 18:35:02.371  INFO 18828 --- [    Test worker] t.c.s.AnnotationConfigContextLoaderUtils : Could not detect default configuration classes for test class [com.kodilla.spring.basic.spring_dependency_injection.SimpleApplicationTestSuite]: SimpleApplicationTestSuite does not declare any static, non-private, non-final, nested classes annotated with @Configuration.
2022-05-29 18:35:02.371  INFO 18828 --- [    Test worker] .b.t.c.SpringBootTestContextBootstrapper : Found @SpringBootConfiguration com.kodilla.spring.basic.SpringBasicRunner for test class com.kodilla.spring.basic.spring_dependency_injection.SimpleApplicationTestSuite
2022-05-29 18:35:02.387  INFO 18828 --- [    Test worker] .b.t.c.SpringBootTestContextBootstrapper : Loaded default TestExecutionListener class names from location [META-INF/spring.factories]: [org.springframework.boot.test.autoconfigure.restdocs.RestDocsTestExecutionListener, org.springframework.boot.test.autoconfigure.web.client.MockRestServiceServerResetTestExecutionListener, org.springframework.boot.test.autoconfigure.web.servlet.MockMvcPrintOnlyOnFailureTestExecutionListener, org.springframework.boot.test.autoconfigure.web.servlet.WebDriverTestExecutionListener, org.springframework.boot.test.autoconfigure.webservices.client.MockWebServiceServerTestExecutionListener, org.springframework.boot.test.mock.mockito.MockitoTestExecutionListener, org.springframework.boot.test.mock.mockito.ResetMocksTestExecutionListener, org.springframework.test.context.web.ServletTestExecutionListener, org.springframework.test.context.support.DirtiesContextBeforeModesTestExecutionListener, org.springframework.test.context.event.ApplicationEventsTestExecutionListener, org.springframework.test.context.support.DependencyInjectionTestExecutionListener, org.springframework.test.context.support.DirtiesContextTestExecutionListener, org.springframework.test.context.transaction.TransactionalTestExecutionListener, org.springframework.test.context.jdbc.SqlScriptsTestExecutionListener, org.springframework.test.context.event.EventPublishingTestExecutionListener]
2022-05-29 18:35:02.387  INFO 18828 --- [    Test worker] .b.t.c.SpringBootTestContextBootstrapper : Using TestExecutionListeners: [org.springframework.test.context.support.DirtiesContextBeforeModesTestExecutionListener@2d9828f3, org.springframework.test.context.event.ApplicationEventsTestExecutionListener@5640a1c, org.springframework.boot.test.mock.mockito.MockitoTestExecutionListener@4de3f0f4, org.springframework.boot.test.autoconfigure.SpringBootDependencyInjectionTestExecutionListener@78b735a8, org.springframework.test.context.support.DirtiesContextTestExecutionListener@148455fd, org.springframework.test.context.event.EventPublishingTestExecutionListener@3195999b, org.springframework.boot.test.autoconfigure.restdocs.RestDocsTestExecutionListener@63a3bb0d, org.springframework.boot.test.autoconfigure.web.client.MockRestServiceServerResetTestExecutionListener@2278c8a4, org.springframework.boot.test.autoconfigure.web.servlet.MockMvcPrintOnlyOnFailureTestExecutionListener@14e55aab, org.springframework.boot.test.autoconfigure.web.servlet.WebDriverTestExecutionListener@9a150ed, org.springframework.boot.test.autoconfigure.webservices.client.MockWebServiceServerTestExecutionListener@7724e907, org.springframework.boot.test.mock.mockito.ResetMocksTestExecutionListener@13fd32af]
It's AUTUMNget Sedan
Hour: 16
Headlights depending on hour: false
It's SUMMER get Cabrio
Hour: 1
Headlights depending on hour: true
]]></system-out>
  <system-err><![CDATA[]]></system-err>
</testsuite>
