<?xml version="1.0" encoding="UTF-8"?>
<testsuite name="com.kodilla.spring.basic.spring_scopes.homework.ClockTestSuite" tests="1" skipped="0" failures="0" errors="0" timestamp="2022-05-29T16:35:02" hostname="LAPTOP-DRES84GL" time="0.059">
  <properties/>
  <testcase name="shouldCreateDifferentClocksWithDifferentTimes()" classname="com.kodilla.spring.basic.spring_scopes.homework.ClockTestSuite" time="0.059"/>
  <system-out><![CDATA[2022-05-29 18:35:02.518  INFO 18828 --- [    Test worker] .b.t.c.SpringBootTestContextBootstrapper : Neither @ContextConfiguration nor @ContextHierarchy found for test class [com.kodilla.spring.basic.spring_scopes.homework.ClockTestSuite], using SpringBootContextLoader
2022-05-29 18:35:02.518  INFO 18828 --- [    Test worker] o.s.t.c.support.AbstractContextLoader    : Could not detect default resource locations for test class [com.kodilla.spring.basic.spring_scopes.homework.ClockTestSuite]: no resource found for suffixes {-context.xml, Context.groovy}.
2022-05-29 18:35:02.518  INFO 18828 --- [    Test worker] t.c.s.AnnotationConfigContextLoaderUtils : Could not detect default configuration classes for test class [com.kodilla.spring.basic.spring_scopes.homework.ClockTestSuite]: ClockTestSuite does not declare any static, non-private, non-final, nested classes annotated with @Configuration.
2022-05-29 18:35:02.518  INFO 18828 --- [    Test worker] .b.t.c.SpringBootTestContextBootstrapper : Found @SpringBootConfiguration com.kodilla.spring.basic.SpringBasicRunner for test class com.kodilla.spring.basic.spring_scopes.homework.ClockTestSuite
2022-05-29 18:35:02.518  INFO 18828 --- [    Test worker] .b.t.c.SpringBootTestContextBootstrapper : Loaded default TestExecutionListener class names from location [META-INF/spring.factories]: [org.springframework.boot.test.autoconfigure.restdocs.RestDocsTestExecutionListener, org.springframework.boot.test.autoconfigure.web.client.MockRestServiceServerResetTestExecutionListener, org.springframework.boot.test.autoconfigure.web.servlet.MockMvcPrintOnlyOnFailureTestExecutionListener, org.springframework.boot.test.autoconfigure.web.servlet.WebDriverTestExecutionListener, org.springframework.boot.test.autoconfigure.webservices.client.MockWebServiceServerTestExecutionListener, org.springframework.boot.test.mock.mockito.MockitoTestExecutionListener, org.springframework.boot.test.mock.mockito.ResetMocksTestExecutionListener, org.springframework.test.context.web.ServletTestExecutionListener, org.springframework.test.context.support.DirtiesContextBeforeModesTestExecutionListener, org.springframework.test.context.event.ApplicationEventsTestExecutionListener, org.springframework.test.context.support.DependencyInjectionTestExecutionListener, org.springframework.test.context.support.DirtiesContextTestExecutionListener, org.springframework.test.context.transaction.TransactionalTestExecutionListener, org.springframework.test.context.jdbc.SqlScriptsTestExecutionListener, org.springframework.test.context.event.EventPublishingTestExecutionListener]
2022-05-29 18:35:02.518  INFO 18828 --- [    Test worker] .b.t.c.SpringBootTestContextBootstrapper : Using TestExecutionListeners: [org.springframework.test.context.support.DirtiesContextBeforeModesTestExecutionListener@62dbac84, org.springframework.test.context.event.ApplicationEventsTestExecutionListener@134df1e9, org.springframework.boot.test.mock.mockito.MockitoTestExecutionListener@380aa2e5, org.springframework.boot.test.autoconfigure.SpringBootDependencyInjectionTestExecutionListener@6efbcce9, org.springframework.test.context.support.DirtiesContextTestExecutionListener@51fbf23e, org.springframework.test.context.event.EventPublishingTestExecutionListener@2dc59351, org.springframework.boot.test.autoconfigure.restdocs.RestDocsTestExecutionListener@40b50186, org.springframework.boot.test.autoconfigure.web.client.MockRestServiceServerResetTestExecutionListener@709911fd, org.springframework.boot.test.autoconfigure.web.servlet.MockMvcPrintOnlyOnFailureTestExecutionListener@7efd67d2, org.springframework.boot.test.autoconfigure.web.servlet.WebDriverTestExecutionListener@7fa33c47, org.springframework.boot.test.autoconfigure.webservices.client.MockWebServiceServerTestExecutionListener@17f2ab04, org.springframework.boot.test.mock.mockito.ResetMocksTestExecutionListener@2fdc46fe]
It's SUMMER get Cabrio
Hour: 3
Headlights depending on hour: true
]]></system-out>
  <system-err><![CDATA[]]></system-err>
</testsuite>
