<?xml version="1.0" encoding="UTF-8"?>
<testsuite name="com.kodilla.spring.basic.dependency_injection.homework.CalculatorTestSuite" tests="4" skipped="0" failures="0" errors="0" timestamp="2022-05-29T16:35:01" hostname="LAPTOP-DRES84GL" time="0.327">
  <properties/>
  <testcase name="shouldSubtractTwoNumbers()" classname="com.kodilla.spring.basic.dependency_injection.homework.CalculatorTestSuite" time="0.296"/>
  <testcase name="shouldDivideTwoNumbers()" classname="com.kodilla.spring.basic.dependency_injection.homework.CalculatorTestSuite" time="0.009"/>
  <testcase name="shouldMultiplyTwoNumbers()" classname="com.kodilla.spring.basic.dependency_injection.homework.CalculatorTestSuite" time="0.009"/>
  <testcase name="shouldAddTwoNumbers()" classname="com.kodilla.spring.basic.dependency_injection.homework.CalculatorTestSuite" time="0.01"/>
  <system-out><![CDATA[18:35:00.621 [Test worker] DEBUG org.springframework.test.context.BootstrapUtils - Instantiating CacheAwareContextLoaderDelegate from class [org.springframework.test.context.cache.DefaultCacheAwareContextLoaderDelegate]
18:35:00.636 [Test worker] DEBUG org.springframework.test.context.BootstrapUtils - Instantiating BootstrapContext using constructor [public org.springframework.test.context.support.DefaultBootstrapContext(java.lang.Class,org.springframework.test.context.CacheAwareContextLoaderDelegate)]
18:35:00.652 [Test worker] DEBUG org.springframework.test.context.BootstrapUtils - Instantiating TestContextBootstrapper for test class [com.kodilla.spring.basic.dependency_injection.homework.CalculatorTestSuite] from class [org.springframework.boot.test.context.SpringBootTestContextBootstrapper]
18:35:00.668 [Test worker] INFO org.springframework.boot.test.context.SpringBootTestContextBootstrapper - Neither @ContextConfiguration nor @ContextHierarchy found for test class [com.kodilla.spring.basic.dependency_injection.homework.CalculatorTestSuite], using SpringBootContextLoader
18:35:00.668 [Test worker] DEBUG org.springframework.test.context.support.AbstractContextLoader - Did not detect default resource location for test class [com.kodilla.spring.basic.dependency_injection.homework.CalculatorTestSuite]: class path resource [com/kodilla/spring/basic/dependency_injection/homework/CalculatorTestSuite-context.xml] does not exist
18:35:00.668 [Test worker] DEBUG org.springframework.test.context.support.AbstractContextLoader - Did not detect default resource location for test class [com.kodilla.spring.basic.dependency_injection.homework.CalculatorTestSuite]: class path resource [com/kodilla/spring/basic/dependency_injection/homework/CalculatorTestSuiteContext.groovy] does not exist
18:35:00.668 [Test worker] INFO org.springframework.test.context.support.AbstractContextLoader - Could not detect default resource locations for test class [com.kodilla.spring.basic.dependency_injection.homework.CalculatorTestSuite]: no resource found for suffixes {-context.xml, Context.groovy}.
18:35:00.668 [Test worker] INFO org.springframework.test.context.support.AnnotationConfigContextLoaderUtils - Could not detect default configuration classes for test class [com.kodilla.spring.basic.dependency_injection.homework.CalculatorTestSuite]: CalculatorTestSuite does not declare any static, non-private, non-final, nested classes annotated with @Configuration.
18:35:00.699 [Test worker] DEBUG org.springframework.test.context.support.ActiveProfilesUtils - Could not find an 'annotation declaring class' for annotation type [org.springframework.test.context.ActiveProfiles] and class [com.kodilla.spring.basic.dependency_injection.homework.CalculatorTestSuite]
18:35:00.761 [Test worker] DEBUG org.springframework.context.annotation.ClassPathScanningCandidateComponentProvider - Identified candidate component class: file [C:\Users\stars\IdeaProjects\nowa kodilla\kodilla-spring-basic\build\classes\java\main\com\kodilla\spring\basic\SpringBasicRunner.class]
18:35:00.761 [Test worker] INFO org.springframework.boot.test.context.SpringBootTestContextBootstrapper - Found @SpringBootConfiguration com.kodilla.spring.basic.SpringBasicRunner for test class com.kodilla.spring.basic.dependency_injection.homework.CalculatorTestSuite
18:35:00.840 [Test worker] DEBUG org.springframework.boot.test.context.SpringBootTestContextBootstrapper - @TestExecutionListeners is not present for class [com.kodilla.spring.basic.dependency_injection.homework.CalculatorTestSuite]: using defaults.
18:35:00.840 [Test worker] INFO org.springframework.boot.test.context.SpringBootTestContextBootstrapper - Loaded default TestExecutionListener class names from location [META-INF/spring.factories]: [org.springframework.boot.test.autoconfigure.restdocs.RestDocsTestExecutionListener, org.springframework.boot.test.autoconfigure.web.client.MockRestServiceServerResetTestExecutionListener, org.springframework.boot.test.autoconfigure.web.servlet.MockMvcPrintOnlyOnFailureTestExecutionListener, org.springframework.boot.test.autoconfigure.web.servlet.WebDriverTestExecutionListener, org.springframework.boot.test.autoconfigure.webservices.client.MockWebServiceServerTestExecutionListener, org.springframework.boot.test.mock.mockito.MockitoTestExecutionListener, org.springframework.boot.test.mock.mockito.ResetMocksTestExecutionListener, org.springframework.test.context.web.ServletTestExecutionListener, org.springframework.test.context.support.DirtiesContextBeforeModesTestExecutionListener, org.springframework.test.context.event.ApplicationEventsTestExecutionListener, org.springframework.test.context.support.DependencyInjectionTestExecutionListener, org.springframework.test.context.support.DirtiesContextTestExecutionListener, org.springframework.test.context.transaction.TransactionalTestExecutionListener, org.springframework.test.context.jdbc.SqlScriptsTestExecutionListener, org.springframework.test.context.event.EventPublishingTestExecutionListener]
18:35:00.840 [Test worker] DEBUG org.springframework.boot.test.context.SpringBootTestContextBootstrapper - Skipping candidate TestExecutionListener [org.springframework.test.context.web.ServletTestExecutionListener] due to a missing dependency. Specify custom listener classes or make the default listener classes and their required dependencies available. Offending class: [javax/servlet/ServletContext]
18:35:00.840 [Test worker] DEBUG org.springframework.boot.test.context.SpringBootTestContextBootstrapper - Skipping candidate TestExecutionListener [org.springframework.test.context.transaction.TransactionalTestExecutionListener] due to a missing dependency. Specify custom listener classes or make the default listener classes and their required dependencies available. Offending class: [org/springframework/transaction/interceptor/TransactionAttributeSource]
18:35:00.840 [Test worker] DEBUG org.springframework.boot.test.context.SpringBootTestContextBootstrapper - Skipping candidate TestExecutionListener [org.springframework.test.context.jdbc.SqlScriptsTestExecutionListener] due to a missing dependency. Specify custom listener classes or make the default listener classes and their required dependencies available. Offending class: [org/springframework/transaction/interceptor/TransactionAttribute]
18:35:00.840 [Test worker] INFO org.springframework.boot.test.context.SpringBootTestContextBootstrapper - Using TestExecutionListeners: [org.springframework.test.context.support.DirtiesContextBeforeModesTestExecutionListener@5478c511, org.springframework.test.context.event.ApplicationEventsTestExecutionListener@1abc3a8a, org.springframework.boot.test.mock.mockito.MockitoTestExecutionListener@660da31f, org.springframework.boot.test.autoconfigure.SpringBootDependencyInjectionTestExecutionListener@82ed26b, org.springframework.test.context.support.DirtiesContextTestExecutionListener@1aecde32, org.springframework.test.context.event.EventPublishingTestExecutionListener@61ffdf8f, org.springframework.boot.test.autoconfigure.restdocs.RestDocsTestExecutionListener@6a619df4, org.springframework.boot.test.autoconfigure.web.client.MockRestServiceServerResetTestExecutionListener@1422b759, org.springframework.boot.test.autoconfigure.web.servlet.MockMvcPrintOnlyOnFailureTestExecutionListener@6843e6a1, org.springframework.boot.test.autoconfigure.web.servlet.WebDriverTestExecutionListener@77df4f81, org.springframework.boot.test.autoconfigure.webservices.client.MockWebServiceServerTestExecutionListener@11b7e2b3, org.springframework.boot.test.mock.mockito.ResetMocksTestExecutionListener@102e07a3]
18:35:00.856 [Test worker] DEBUG org.springframework.test.context.support.AbstractDirtiesContextTestExecutionListener - Before test class: context [DefaultTestContext@5c7e685d testClass = CalculatorTestSuite, testInstance = [null], testMethod = [null], testException = [null], mergedContextConfiguration = [MergedContextConfiguration@760ac84 testClass = CalculatorTestSuite, locations = '{}', classes = '{class com.kodilla.spring.basic.SpringBasicRunner}', contextInitializerClasses = '[]', activeProfiles = '{}', propertySourceLocations = '{}', propertySourceProperties = '{org.springframework.boot.test.context.SpringBootTestContextBootstrapper=true}', contextCustomizers = set[org.springframework.boot.test.autoconfigure.actuate.metrics.MetricsExportContextCustomizerFactory$DisableMetricExportContextCustomizer@583f63c3, org.springframework.boot.test.autoconfigure.properties.PropertyMappingContextCustomizer@0, org.springframework.boot.test.autoconfigure.web.servlet.WebDriverContextCustomizerFactory$Customizer@7d377a27, org.springframework.boot.test.context.filter.ExcludeFilterContextCustomizer@3c4ccc60, org.springframework.boot.test.json.DuplicateJsonObjectContextCustomizerFactory$DuplicateJsonObjectContextCustomizer@5bf8999, org.springframework.boot.test.mock.mockito.MockitoContextCustomizer@0, org.springframework.boot.test.web.client.TestRestTemplateContextCustomizer@28db0893, org.springframework.boot.test.context.SpringBootTestArgs@1, org.springframework.boot.test.context.SpringBootTestWebEnvironment@1543a4e], contextLoader = 'org.springframework.boot.test.context.SpringBootContextLoader', parent = [null]], attributes = map[[empty]]], class annotated with @DirtiesContext [false] with mode [null].
18:35:00.856 [Test worker] DEBUG org.springframework.test.context.support.DependencyInjectionTestExecutionListener - Performing dependency injection for test context [[DefaultTestContext@5c7e685d testClass = CalculatorTestSuite, testInstance = com.kodilla.spring.basic.dependency_injection.homework.CalculatorTestSuite@4e088893, testMethod = [null], testException = [null], mergedContextConfiguration = [MergedContextConfiguration@760ac84 testClass = CalculatorTestSuite, locations = '{}', classes = '{class com.kodilla.spring.basic.SpringBasicRunner}', contextInitializerClasses = '[]', activeProfiles = '{}', propertySourceLocations = '{}', propertySourceProperties = '{org.springframework.boot.test.context.SpringBootTestContextBootstrapper=true}', contextCustomizers = set[org.springframework.boot.test.autoconfigure.actuate.metrics.MetricsExportContextCustomizerFactory$DisableMetricExportContextCustomizer@583f63c3, org.springframework.boot.test.autoconfigure.properties.PropertyMappingContextCustomizer@0, org.springframework.boot.test.autoconfigure.web.servlet.WebDriverContextCustomizerFactory$Customizer@7d377a27, org.springframework.boot.test.context.filter.ExcludeFilterContextCustomizer@3c4ccc60, org.springframework.boot.test.json.DuplicateJsonObjectContextCustomizerFactory$DuplicateJsonObjectContextCustomizer@5bf8999, org.springframework.boot.test.mock.mockito.MockitoContextCustomizer@0, org.springframework.boot.test.web.client.TestRestTemplateContextCustomizer@28db0893, org.springframework.boot.test.context.SpringBootTestArgs@1, org.springframework.boot.test.context.SpringBootTestWebEnvironment@1543a4e], contextLoader = 'org.springframework.boot.test.context.SpringBootContextLoader', parent = [null]], attributes = map['org.springframework.test.context.event.ApplicationEventsTestExecutionListener.recordApplicationEvents' -> false]]].

  .   ____          _            __ _ _
 /\\ / ___'_ __ _ _(_)_ __  __ _ \ \ \ \
( ( )\___ | '_ | '_| | '_ \/ _` | \ \ \ \
 \\/  ___)| |_)| | | | | || (_| |  ) ) ) )
  '  |____| .__|_| |_|_| |_\__, | / / / /
 =========|_|==============|___/=/_/_/_/
 :: Spring Boot ::                (v2.7.0)

2022-05-29 18:35:01.074  INFO 18828 --- [    Test worker] c.k.s.b.d.homework.CalculatorTestSuite   : Starting CalculatorTestSuite using Java 11.0.13 on LAPTOP-DRES84GL with PID 18828 (started by stars in C:\Users\stars\IdeaProjects\nowa kodilla\kodilla-spring-basic)
2022-05-29 18:35:01.090  INFO 18828 --- [    Test worker] c.k.s.b.d.homework.CalculatorTestSuite   : No active profile set, falling back to 1 default profile: "default"
It's SUMMER get Cabrio
Hour: 16
Headlights depending on hour: false
2022-05-29 18:35:01.512  INFO 18828 --- [    Test worker] c.k.s.b.d.homework.CalculatorTestSuite   : Started CalculatorTestSuite in 0.643 seconds (JVM running for 1.693)
-6.0
0.25
16.0
10.0
]]></system-out>
  <system-err><![CDATA[]]></system-err>
</testsuite>
