<?xml version="1.0" encoding="UTF-8"?>
<testsuite name="com.kodilla.mockito.MobilePhoneTestSuite" tests="3" skipped="0" failures="0" errors="0" timestamp="2022-05-23T20:50:56" hostname="LAPTOP-DRES84GL" time="0.019">
  <properties/>
  <testcase name="testDefaultBehaviourOfTestDouble()" classname="com.kodilla.mockito.MobilePhoneTestSuite" time="0.002"/>
  <testcase name="testExpectation()" classname="com.kodilla.mockito.MobilePhoneTestSuite" time="0.013"/>
  <testcase name="shouldCallLaunchApplication()" classname="com.kodilla.mockito.MobilePhoneTestSuite" time="0.002"/>
  <system-out><![CDATA[]]></system-out>
  <system-err><![CDATA[]]></system-err>
</testsuite>
