<?xml version="1.0" encoding="UTF-8"?>
<testsuite name="com.kodilla.mockito.homework.WeatherAlertTestSuite" tests="6" skipped="0" failures="0" errors="0" timestamp="2022-05-29T16:30:08" hostname="LAPTOP-DRES84GL" time="0.05">
  <properties/>
  <testcase name="shouldAllPersonGetNotification()" classname="com.kodilla.mockito.homework.WeatherAlertTestSuite" time="0.04"/>
  <testcase name="personCanJoinInAndReceiveNotification()" classname="com.kodilla.mockito.homework.WeatherAlertTestSuite" time="0.001"/>
  <testcase name="personCanDeleteAllLocationAndStopSubscription()" classname="com.kodilla.mockito.homework.WeatherAlertTestSuite" time="0.001"/>
  <testcase name="shouldDeleteCurrentLocation()" classname="com.kodilla.mockito.homework.WeatherAlertTestSuite" time="0.001"/>
  <testcase name="personCanDeleteLocationSubscripction()" classname="com.kodilla.mockito.homework.WeatherAlertTestSuite" time="0.001"/>
  <testcase name="shouldSpecificGroupOfPersonGetNotification()" classname="com.kodilla.mockito.homework.WeatherAlertTestSuite" time="0.001"/>
  <system-out><![CDATA[]]></system-out>
  <system-err><![CDATA[]]></system-err>
</testsuite>
