<?xml version="1.0" encoding="UTF-8"?>
<testsuite name="com.kodilla.mockito.NotificationServiceTestSuite" tests="5" skipped="0" failures="0" errors="0" timestamp="2022-05-23T20:50:56" hostname="LAPTOP-DRES84GL" time="0.004">
  <properties/>
  <testcase name="unsubscribedClientShouldNotReceiveNotification()" classname="com.kodilla.mockito.NotificationServiceTestSuite" time="0.0"/>
  <testcase name="notificationShouldBeSentToAllSubscribedClients()" classname="com.kodilla.mockito.NotificationServiceTestSuite" time="0.0"/>
  <testcase name="notSubscribedClientShouldNotReceiveNotification()" classname="com.kodilla.mockito.NotificationServiceTestSuite" time="0.0"/>
  <testcase name="subscribedClientShouldReceiveNotification()" classname="com.kodilla.mockito.NotificationServiceTestSuite" time="0.0"/>
  <testcase name="shouldSendOnlyOneNotificationToMultiTimeSubscriber()" classname="com.kodilla.mockito.NotificationServiceTestSuite" time="0.0"/>
  <system-out><![CDATA[]]></system-out>
  <system-err><![CDATA[]]></system-err>
</testsuite>
