<?xml version="1.0" encoding="UTF-8"?>
<testsuite name="com.kodilla.collections.adv.exercises.dictionary.DictionaryTestSuite" tests="3" skipped="0" failures="0" errors="0" timestamp="2022-05-22T16:42:26" hostname="LAPTOP-DRES84GL" time="0.02">
  <properties/>
  <testcase name="testFindEnglishWords_withPartOfSPeech()" classname="com.kodilla.collections.adv.exercises.dictionary.DictionaryTestSuite" time="0.018"/>
  <testcase name="testAddWord()" classname="com.kodilla.collections.adv.exercises.dictionary.DictionaryTestSuite" time="0.001"/>
  <testcase name="testFindEnglishWords()" classname="com.kodilla.collections.adv.exercises.dictionary.DictionaryTestSuite" time="0.001"/>
  <system-out><![CDATA[]]></system-out>
  <system-err><![CDATA[]]></system-err>
</testsuite>
