<?xml version="1.0" encoding="UTF-8"?>
<testsuite name="com.kodilla.collections.adv.exercises.homework.FlightFinderTestSuite" tests="4" skipped="0" failures="0" errors="0" timestamp="2022-05-29T16:30:10" hostname="LAPTOP-DRES84GL" time="0.004">
  <properties/>
  <testcase name="doesFindDepartures()" classname="com.kodilla.collections.adv.exercises.homework.FlightFinderTestSuite" time="0.002"/>
  <testcase name="doesAddTheRightFlights()" classname="com.kodilla.collections.adv.exercises.homework.FlightFinderTestSuite" time="0.001"/>
  <testcase name="doesFindArrivals()" classname="com.kodilla.collections.adv.exercises.homework.FlightFinderTestSuite" time="0.0"/>
  <testcase name="doesFailToReturnIfNothingFound()" classname="com.kodilla.collections.adv.exercises.homework.FlightFinderTestSuite" time="0.0"/>
  <system-out><![CDATA[]]></system-out>
  <system-err><![CDATA[]]></system-err>
</testsuite>
