<?xml version="1.0" encoding="UTF-8"?>
<testsuite name="com.kodilla.basic_assertion.school.StudentTestSuite" tests="4" skipped="0" failures="0" errors="0" timestamp="2022-05-23T20:51:09" hostname="LAPTOP-DRES84GL" time="0.003">
  <properties/>
  <testcase name="shouldCalculateCorrectAveragesIfValuesAreInRange()" classname="com.kodilla.basic_assertion.school.StudentTestSuite" time="0.001"/>
  <testcase name="shouldCalculateStudentAverage()" classname="com.kodilla.basic_assertion.school.StudentTestSuite" time="0.0"/>
  <testcase name="shouldCalculateAveragesIfValuesAreOutsideRange()" classname="com.kodilla.basic_assertion.school.StudentTestSuite" time="0.0"/>
  <testcase name="averageShouldBeZeroIfStudentDontHaveGrades()" classname="com.kodilla.basic_assertion.school.StudentTestSuite" time="0.001"/>
  <system-out><![CDATA[]]></system-out>
  <system-err><![CDATA[]]></system-err>
</testsuite>
