<?xml version="1.0" encoding="UTF-8"?>
<testsuite name="com.kodilla.basic_assertion.PrimeCheckerTestSuite" tests="6" skipped="0" failures="0" errors="0" timestamp="2022-05-23T20:51:08" hostname="LAPTOP-DRES84GL" time="0.008">
  <properties/>
  <testcase name="shouldReturnFalseWhenPassingNegativeNumber()" classname="com.kodilla.basic_assertion.PrimeCheckerTestSuite" time="0.001"/>
  <testcase name="shouldReturnTrueWhenPassingTwo()" classname="com.kodilla.basic_assertion.PrimeCheckerTestSuite" time="0.001"/>
  <testcase name="shouldReturnFalseWhenPassingNotPrimeNumber()" classname="com.kodilla.basic_assertion.PrimeCheckerTestSuite" time="0.0"/>
  <testcase name="shouldReturnFalseWhenPassingZero()" classname="com.kodilla.basic_assertion.PrimeCheckerTestSuite" time="0.0"/>
  <testcase name="shouldReturnTrueWhenPassingPrimeNumber()" classname="com.kodilla.basic_assertion.PrimeCheckerTestSuite" time="0.001"/>
  <testcase name="shouldReturnFalseWhenPassingOne()" classname="com.kodilla.basic_assertion.PrimeCheckerTestSuite" time="0.0"/>
  <system-out><![CDATA[Test number 1
Test number 2
Test number 3
Test number 4
Test number 5
Test number 6
]]></system-out>
  <system-err><![CDATA[]]></system-err>
</testsuite>
