<?xml version="1.0" encoding="UTF-8"?>
<testsuite name="com.kodilla.basic_assertion.CalculatorTestSuite" tests="5" skipped="0" failures="0" errors="0" timestamp="2022-05-23T20:51:08" hostname="LAPTOP-DRES84GL" time="0.002">
  <properties/>
  <testcase name="testSum()" classname="com.kodilla.basic_assertion.CalculatorTestSuite" time="0.0"/>
  <testcase name="testSquaredPositive()" classname="com.kodilla.basic_assertion.CalculatorTestSuite" time="0.0"/>
  <testcase name="testSquredNegative()" classname="com.kodilla.basic_assertion.CalculatorTestSuite" time="0.0"/>
  <testcase name="testSquaredZero()" classname="com.kodilla.basic_assertion.CalculatorTestSuite" time="0.0"/>
  <testcase name="testSubstract()" classname="com.kodilla.basic_assertion.CalculatorTestSuite" time="0.0"/>
  <system-out><![CDATA[]]></system-out>
  <system-err><![CDATA[]]></system-err>
</testsuite>
